[2m20:00:12[22m [31m[1m[vite][22m[39m [31m[2m(client)[22m[39m [2m[console.error] [22mInvalid hook call. Hooks can only be called inside of the body of a function component. This could happen for one of the following reasons:
1. You might have mismatching versions of React and the renderer (such as React DOM)
2. You might be breaking the Rules of Hooks
3. You might have more than one copy of React in the same app
See https://react.dev/link/invalid-hook-call for tips about how to debug and fix this problem.
[2m20:00:12[22m [31m[1m[vite][22m[39m [31m[2m(client)[22m[39m [2m[console.error] [22mInvalid hook call. Hooks can only be called inside of the body of a function component. This could happen for one of the following reasons:
1. You might have mismatching versions of React and the renderer (such as React DOM)
2. You might be breaking the Rules of Hooks
3. You might have more than one copy of React in the same app
See https://react.dev/link/invalid-hook-call for tips about how to debug and fix this problem.
[2m20:00:12[22m [31m[1m[vite][22m[39m [31m[2m(client)[22m[39m [31m[Unhandled error] [1mTypeError[22m: Cannot read properties of null (reading 'useState')
[39m > exports.useState ../../../../node_modules/.vite/deps/react.js?v=c05e1025:748:30
 > ProductsPage src/pages/ProductsPage.tsx?t=1778094011275:25:34
 > Object.react_stack_bottom_frame node_modules/react-dom/cjs/react-dom-client.development.js:25904:19
 > renderWithHooks node_modules/react-dom/cjs/react-dom-client.development.js:7662:21
 > updateFunctionComponent node_modules/react-dom/cjs/react-dom-client.development.js:10166:18
 > beginWork node_modules/react-dom/cjs/react-dom-client.development.js:11778:17
 > runWithFiberInDEV node_modules/react-dom/cjs/react-dom-client.development.js:871:29
 > performUnitOfWork node_modules/react-dom/cjs/react-dom-client.development.js:17641:21
 > workLoopSync node_modules/react-dom/cjs/react-dom-client.development.js:17469:40
 > renderRootSync node_modules/react-dom/cjs/react-dom-client.development.js:17450:10

[2m20:00:12[22m [33m[1m[vite][22m[39m [33m[2m(client)[22m[39m [2m[console.warn] [22mAn error occurred in the <ProductsPage> component.

Consider adding an error boundary to your tree to customize error handling behavior.
Visit https://react.dev/link/error-boundaries to learn more about error boundaries.

[2m20:00:17[22m [31m[1m[vite][22m[39m [31m[2m(client)[22m[39m [2m[console.error] [22mInvalid hook call. Hooks can only be called inside of the body of a function component. This could happen for one of the following reasons:
1. You might have mismatching versions of React and the renderer (such as React DOM)
2. You might be breaking the Rules of Hooks
3. You might have more than one copy of React in the same app
See https://react.dev/link/invalid-hook-call for tips about how to debug and fix this problem.
[2m20:00:17[22m [31m[1m[vite][22m[39m [31m[2m(client)[22m[39m [2m[console.error] [22mInvalid hook call. Hooks can only be called inside of the body of a function component. This could happen for one of the following reasons:
1. You might have mismatching versions of React and the renderer (such as React DOM)
2. You might be breaking the Rules of Hooks
3. You might have more than one copy of React in the same app
See https://react.dev/link/invalid-hook-call for tips about how to debug and fix this problem.
[2m20:00:17[22m [31m[1m[vite][22m[39m [31m[2m(client)[22m[39m [31m[Unhandled error] [1mTypeError[22m: Cannot read properties of null (reading 'useState')
[39m > exports.useState ../../../../node_modules/.vite/deps/react.js?v=c05e1025:748:30
 > ProductsPage src/pages/ProductsPage.tsx?t=1778094013329:25:34
 > Object.react_stack_bottom_frame node_modules/react-dom/cjs/react-dom-client.development.js:25904:19
 > renderWithHooks node_modules/react-dom/cjs/react-dom-client.development.js:7662:21
 > updateFunctionComponent node_modules/react-dom/cjs/react-dom-client.development.js:10166:18
 > beginWork node_modules/react-dom/cjs/react-dom-client.development.js:11778:17
 > runWithFiberInDEV node_modules/react-dom/cjs/react-dom-client.development.js:871:29
 > performUnitOfWork node_modules/react-dom/cjs/react-dom-client.development.js:17641:21
 > workLoopSync node_modules/react-dom/cjs/react-dom-client.development.js:17469:40
 > renderRootSync node_modules/react-dom/cjs/react-dom-client.development.js:17450:10

[2m20:00:17[22m [33m[1m[vite][22m[39m [33m[2m(client)[22m[39m [2m[console.warn] [22mAn error occurred in the <ProductsPage> component.

Consider adding an error boundary to your tree to customize error handling behavior.
Visit https://react.dev/link/error-boundaries to learn more about error boundaries.

[2m20:06:19[22m [31m[1m[vite][22m[39m [31m[2m(client)[22m[39m [2m[console.error] [22m[vite] SyntaxError: The requested module '/src/api/client.ts?t=1778094379764' does not provide an export named 'default'
[2m20:06:19[22m [31m[1m[vite][22m[39m [31m[2m(client)[22m[39m [2m[console.error] [22m[vite] Failed to reload /src/pages/StockPage.tsx. This could be due to syntax errors or importing non-existent modules. (see errors above)
[2m20:06:19[22m [31m[1m[vite][22m[39m [31m[2m(client)[22m[39m [2m[console.error] [22m[vite] SyntaxError: The requested module '/src/api/client.ts?t=1778094379764' does not provide an export named 'default'
[2m20:06:19[22m [31m[1m[vite][22m[39m [31m[2m(client)[22m[39m [2m[console.error] [22m[vite] Failed to reload /src/pages/ProductsPage.tsx. This could be due to syntax errors or importing non-existent modules. (see errors above)
[2m20:06:19[22m [31m[1m[vite][22m[39m [31m[2m(client)[22m[39m [2m[console.error] [22m[vite] SyntaxError: The requested module '/src/api/client.ts?t=1778094379764' does not provide an export named 'default'
[2m20:06:19[22m [31m[1m[vite][22m[39m [31m[2m(client)[22m[39m [2m[console.error] [22m[vite] Failed to reload /src/pages/CommandesPage.tsx. This could be due to syntax errors or importing non-existent modules. (see errors above)
[2m20:06:19[22m [31m[1m[vite][22m[39m [31m[2m(client)[22m[39m [2m[console.error] [22m[vite] SyntaxError: The requested module '/src/api/client.ts?t=1778094379764' does not provide an export named 'default'
[2m20:06:19[22m [31m[1m[vite][22m[39m [31m[2m(client)[22m[39m [2m[console.error] [22m[vite] Failed to reload /src/pages/CaissePage.tsx. This could be due to syntax errors or importing non-existent modules. (see errors above)
[2m20:06:19[22m [31m[1m[vite][22m[39m [31m[2m(client)[22m[39m [2m[console.error] [22m[vite] SyntaxError: The requested module '/src/api/client.ts?t=1778094379764' does not provide an export named 'default'
[2m20:06:19[22m [31m[1m[vite][22m[39m [31m[2m(client)[22m[39m [2m[console.error] [22m[vite] Failed to reload /src/auth/AuthProvider.tsx. This could be due to syntax errors or importing non-existent modules. (see errors above)
[2m20:06:19[22m [31m[1m[vite][22m[39m [31m[2m(client)[22m[39m [2m[console.error] [22m[vite] SyntaxError: The requested module '/src/api/client.ts?t=1778094379764' does not provide an export named 'default'
[2m20:06:19[22m [31m[1m[vite][22m[39m [31m[2m(client)[22m[39m [2m[console.error] [22m[vite] Failed to reload /src/pages/CategoriesPage.tsx. This could be due to syntax errors or importing non-existent modules. (see errors above)
[2m20:06:19[22m [31m[1m[vite][22m[39m [31m[2m(client)[22m[39m [2m[console.error] [22m[vite] SyntaxError: The requested module '/src/api/client.ts?t=1778094379764' does not provide an export named 'default'
[2m20:06:19[22m [31m[1m[vite][22m[39m [31m[2m(client)[22m[39m [2m[console.error] [22m[vite] Failed to reload /src/pages/DashboardPage.tsx. This could be due to syntax errors or importing non-existent modules. (see errors above)
[2m20:06:19[22m [31m[1m[vite][22m[39m [31m[2m(client)[22m[39m [2m[console.error] [22m[vite] SyntaxError: The requested module '/src/api/client.ts?t=1778094379764' does not provide an export named 'default'
[2m20:06:19[22m [31m[1m[vite][22m[39m [31m[2m(client)[22m[39m [2m[console.error] [22m[vite] Failed to reload /src/pages/SalesPage.tsx. This could be due to syntax errors or importing non-existent modules. (see errors above)
[2m20:06:21[22m [31m[1m[vite][22m[39m [31m[2m(client)[22m[39m [2m[console.error] [22m[vite] SyntaxError: The requested module '/src/api/client.ts?t=1778094381295' does not provide an export named 'default'
[2m20:06:21[22m [31m[1m[vite][22m[39m [31m[2m(client)[22m[39m [2m[console.error] [22m[vite] Failed to reload /src/auth/AuthProvider.tsx. This could be due to syntax errors or importing non-existent modules. (see errors above)
[2m20:06:21[22m [31m[1m[vite][22m[39m [31m[2m(client)[22m[39m [2m[console.error] [22m[vite] SyntaxError: The requested module '/src/api/client.ts?t=1778094381295' does not provide an export named 'default'
[2m20:06:21[22m [31m[1m[vite][22m[39m [31m[2m(client)[22m[39m [2m[console.error] [22m[vite] Failed to reload /src/pages/CaissePage.tsx. This could be due to syntax errors or importing non-existent modules. (see errors above)
[2m20:06:21[22m [31m[1m[vite][22m[39m [31m[2m(client)[22m[39m [2m[console.error] [22m[vite] SyntaxError: The requested module '/src/api/client.ts?t=1778094381295' does not provide an export named 'default'
[2m20:06:21[22m [31m[1m[vite][22m[39m [31m[2m(client)[22m[39m [2m[console.error] [22m[vite] Failed to reload /src/pages/CommandesPage.tsx. This could be due to syntax errors or importing non-existent modules. (see errors above)
[2m20:06:21[22m [31m[1m[vite][22m[39m [31m[2m(client)[22m[39m [2m[console.error] [22m[vite] SyntaxError: The requested module '/src/api/client.ts?t=1778094381295' does not provide an export named 'default'
[2m20:06:21[22m [31m[1m[vite][22m[39m [31m[2m(client)[22m[39m [2m[console.error] [22m[vite] Failed to reload /src/pages/SalesPage.tsx. This could be due to syntax errors or importing non-existent modules. (see errors above)
[2m20:06:21[22m [31m[1m[vite][22m[39m [31m[2m(client)[22m[39m [2m[console.error] [22m[vite] SyntaxError: The requested module '/src/api/client.ts?t=1778094381295' does not provide an export named 'default'
[2m20:06:21[22m [31m[1m[vite][22m[39m [31m[2m(client)[22m[39m [2m[console.error] [22m[vite] Failed to reload /src/pages/ProductsPage.tsx. This could be due to syntax errors or importing non-existent modules. (see errors above)
[2m20:06:21[22m [31m[1m[vite][22m[39m [31m[2m(client)[22m[39m [2m[console.error] [22m[vite] SyntaxError: The requested module '/src/api/client.ts?t=1778094381295' does not provide an export named 'default'
[2m20:06:21[22m [31m[1m[vite][22m[39m [31m[2m(client)[22m[39m [2m[console.error] [22m[vite] Failed to reload /src/pages/StockPage.tsx. This could be due to syntax errors or importing non-existent modules. (see errors above)
[2m20:06:21[22m [31m[1m[vite][22m[39m [31m[2m(client)[22m[39m [2m[console.error] [22m[vite] SyntaxError: The requested module '/src/api/client.ts?t=1778094381295' does not provide an export named 'default'
[2m20:06:21[22m [31m[1m[vite][22m[39m [31m[2m(client)[22m[39m [2m[console.error] [22m[vite] Failed to reload /src/pages/CategoriesPage.tsx. This could be due to syntax errors or importing non-existent modules. (see errors above)
[2m20:06:21[22m [31m[1m[vite][22m[39m [31m[2m(client)[22m[39m [2m[console.error] [22m[vite] SyntaxError: The requested module '/src/api/client.ts?t=1778094381295' does not provide an export named 'default'
[2m20:06:21[22m [31m[1m[vite][22m[39m [31m[2m(client)[22m[39m [2m[console.error] [22m[vite] Failed to reload /src/pages/DashboardPage.tsx. This could be due to syntax errors or importing non-existent modules. (see errors above)
[2m20:06:43[22m [31m[1m[vite][22m[39m [31m[2m(client)[22m[39m [2m[console.error] [22m[vite] Failed to reload /src/pages/ProductsPage.tsx. This could be due to syntax errors or importing non-existent modules. (see errors above)
[2m20:06:45[22m [31m[1m[vite][22m[39m [31m[2m(client)[22m[39m [2m[console.error] [22m[vite] Failed to reload /src/pages/ProductsPage.tsx. This could be due to syntax errors or importing non-existent modules. (see errors above)
[2m20:07:04[22m [31m[1m[vite][22m[39m [31m[2m(client)[22m[39m [2m[console.error] [22m[vite] SyntaxError: The requested module '/src/api/client.ts?t=1778094381295' does not provide an export named 'default'
[2m20:07:04[22m [31m[1m[vite][22m[39m [31m[2m(client)[22m[39m [2m[console.error] [22m[vite] Failed to reload /src/pages/ProductsPage.tsx. This could be due to syntax errors or importing non-existent modules. (see errors above)
[2m20:07:29[22m [31m[1m[vite][22m[39m [31m[2m(client)[22m[39m [2m[console.error] [22m[vite] SyntaxError: The requested module '/src/api/client.ts?t=1778094381295' does not provide an export named 'default'
[2m20:07:29[22m [31m[1m[vite][22m[39m [31m[2m(client)[22m[39m [2m[console.error] [22m[vite] Failed to reload /src/pages/CaissePage.tsx. This could be due to syntax errors or importing non-existent modules. (see errors above)
[2m20:07:29[22m [31m[1m[vite][22m[39m [31m[2m(client)[22m[39m [2m[console.error] [22m[vite] SyntaxError: The requested module '/src/api/client.ts?t=1778094381295' does not provide an export named 'default'
[2m20:07:29[22m [31m[1m[vite][22m[39m [31m[2m(client)[22m[39m [2m[console.error] [22m[vite] Failed to reload /src/pages/CommandesPage.tsx. This could be due to syntax errors or importing non-existent modules. (see errors above)
[2m20:07:29[22m [31m[1m[vite][22m[39m [31m[2m(client)[22m[39m [2m[console.error] [22m[vite] SyntaxError: The requested module '/src/api/client.ts?t=1778094381295' does not provide an export named 'default'
[2m20:07:29[22m [31m[1m[vite][22m[39m [31m[2m(client)[22m[39m [2m[console.error] [22m[vite] Failed to reload /src/pages/ProductsPage.tsx. This could be due to syntax errors or importing non-existent modules. (see errors above)
[2m20:07:29[22m [31m[1m[vite][22m[39m [31m[2m(client)[22m[39m [2m[console.error] [22m[vite] SyntaxError: The requested module '/src/api/client.ts?t=1778094381295' does not provide an export named 'default'
[2m20:07:29[22m [31m[1m[vite][22m[39m [31m[2m(client)[22m[39m [2m[console.error] [22m[vite] Failed to reload /src/pages/StockPage.tsx. This could be due to syntax errors or importing non-existent modules. (see errors above)
[2m20:07:31[22m [31m[1m[vite][22m[39m [31m[2m(client)[22m[39m [2m[console.error] [22m[vite] SyntaxError: The requested module '/src/api/client.ts?t=1778094381295' does not provide an export named 'default'
[2m20:07:31[22m [31m[1m[vite][22m[39m [31m[2m(client)[22m[39m [2m[console.error] [22m[vite] Failed to reload /src/pages/CaissePage.tsx. This could be due to syntax errors or importing non-existent modules. (see errors above)
[2m20:07:31[22m [31m[1m[vite][22m[39m [31m[2m(client)[22m[39m [2m[console.error] [22m[vite] SyntaxError: The requested module '/src/api/client.ts?t=1778094381295' does not provide an export named 'default'
[2m20:07:31[22m [31m[1m[vite][22m[39m [31m[2m(client)[22m[39m [2m[console.error] [22m[vite] Failed to reload /src/pages/CommandesPage.tsx. This could be due to syntax errors or importing non-existent modules. (see errors above)
[2m20:07:31[22m [31m[1m[vite][22m[39m [31m[2m(client)[22m[39m [2m[console.error] [22m[vite] SyntaxError: The requested module '/src/api/client.ts?t=1778094381295' does not provide an export named 'default'
[2m20:07:31[22m [31m[1m[vite][22m[39m [31m[2m(client)[22m[39m [2m[console.error] [22m[vite] Failed to reload /src/pages/ProductsPage.tsx. This could be due to syntax errors or importing non-existent modules. (see errors above)
[2m20:07:31[22m [31m[1m[vite][22m[39m [31m[2m(client)[22m[39m [2m[console.error] [22m[vite] SyntaxError: The requested module '/src/api/client.ts?t=1778094381295' does not provide an export named 'default'
[2m20:07:31[22m [31m[1m[vite][22m[39m [31m[2m(client)[22m[39m [2m[console.error] [22m[vite] Failed to reload /src/pages/StockPage.tsx. This could be due to syntax errors or importing non-existent modules. (see errors above)
[2m20:08:51[22m [31m[1m[vite][22m[39m [31m[2m(client)[22m[39m [31m[Unhandled error] [1mSyntaxError[22m: The requested module '/src/api/client.ts?t=1778094381293' does not provide an export named 'default'
[39m
[2m20:09:02[22m [31m[1m[vite][22m[39m [31m[2m(client)[22m[39m [31m[Unhandled error] [1mSyntaxError[22m: The requested module '/src/api/client.ts?t=1778094381293' does not provide an export named 'default'
[39m
[2m20:10:11[22m [31m[1m[vite][22m[39m [31m[2m(client)[22m[39m [2m[console.error] [22m[vite] SyntaxError: The requested module '/src/api/client.ts?t=1778094611848' does not provide an export named 'TOKEN_KEY'
[2m20:10:11[22m [31m[1m[vite][22m[39m [31m[2m(client)[22m[39m [2m[console.error] [22m[vite] Failed to reload /src/auth/AuthProvider.tsx. This could be due to syntax errors or importing non-existent modules. (see errors above)
[2m20:10:53[22m [31m[1m[vite][22m[39m [31m[2m(client)[22m[39m [2m[console.error] [22mInvalid hook call. Hooks can only be called inside of the body of a function component. This could happen for one of the following reasons:
1. You might have mismatching versions of React and the renderer (such as React DOM)
2. You might be breaking the Rules of Hooks
3. You might have more than one copy of React in the same app
See https://react.dev/link/invalid-hook-call for tips about how to debug and fix this problem.
[2m20:10:53[22m [31m[1m[vite][22m[39m [31m[2m(client)[22m[39m [2m[console.error] [22mInvalid hook call. Hooks can only be called inside of the body of a function component. This could happen for one of the following reasons:
1. You might have mismatching versions of React and the renderer (such as React DOM)
2. You might be breaking the Rules of Hooks
3. You might have more than one copy of React in the same app
See https://react.dev/link/invalid-hook-call for tips about how to debug and fix this problem.
[2m20:10:53[22m [31m[1m[vite][22m[39m [31m[2m(client)[22m[39m [31m[Unhandled error] [1mTypeError[22m: Cannot read properties of null (reading 'useState')
[39m > exports.useState ../../../../node_modules/.vite/deps/react.js?v=c05e1025:748:30
 > AuthProvider src/auth/AuthProvider.tsx?t=1778094652393:25:28
 > Object.react_stack_bottom_frame node_modules/react-dom/cjs/react-dom-client.development.js:25904:19
 > renderWithHooks node_modules/react-dom/cjs/react-dom-client.development.js:7662:21
 > updateFunctionComponent node_modules/react-dom/cjs/react-dom-client.development.js:10166:18
 > beginWork node_modules/react-dom/cjs/react-dom-client.development.js:11778:17
 > runWithFiberInDEV node_modules/react-dom/cjs/react-dom-client.development.js:871:29
 > performUnitOfWork node_modules/react-dom/cjs/react-dom-client.development.js:17641:21
 > workLoopSync node_modules/react-dom/cjs/react-dom-client.development.js:17469:40
 > renderRootSync node_modules/react-dom/cjs/react-dom-client.development.js:17450:10

[2m20:10:53[22m [33m[1m[vite][22m[39m [33m[2m(client)[22m[39m [2m[console.warn] [22mAn error occurred in the <AuthProvider> component.

Consider adding an error boundary to your tree to customize error handling behavior.
Visit https://react.dev/link/error-boundaries to learn more about error boundaries.

[2m20:15:53[22m [31m[1m[vite][22m[39m [31m[2m(client)[22m[39m [2m[console.error] [22mInvalid hook call. Hooks can only be called inside of the body of a function component. This could happen for one of the following reasons:
1. You might have mismatching versions of React and the renderer (such as React DOM)
2. You might be breaking the Rules of Hooks
3. You might have more than one copy of React in the same app
See https://react.dev/link/invalid-hook-call for tips about how to debug and fix this problem.
[2m20:15:53[22m [31m[1m[vite][22m[39m [31m[2m(client)[22m[39m [2m[console.error] [22mInvalid hook call. Hooks can only be called inside of the body of a function component. This could happen for one of the following reasons:
1. You might have mismatching versions of React and the renderer (such as React DOM)
2. You might be breaking the Rules of Hooks
3. You might have more than one copy of React in the same app
See https://react.dev/link/invalid-hook-call for tips about how to debug and fix this problem.
[2m20:15:53[22m [31m[1m[vite][22m[39m [31m[2m(client)[22m[39m [2m[console.error] [22mInvalid hook call. Hooks can only be called inside of the body of a function component. This could happen for one of the following reasons:
1. You might have mismatching versions of React and the renderer (such as React DOM)
2. You might be breaking the Rules of Hooks
3. You might have more than one copy of React in the same app
See https://react.dev/link/invalid-hook-call for tips about how to debug and fix this problem.
[2m20:15:53[22m [31m[1m[vite][22m[39m [31m[2m(client)[22m[39m [2m[console.error] [22mInvalid hook call. Hooks can only be called inside of the body of a function component. This could happen for one of the following reasons:
1. You might have mismatching versions of React and the renderer (such as React DOM)
2. You might be breaking the Rules of Hooks
3. You might have more than one copy of React in the same app
See https://react.dev/link/invalid-hook-call for tips about how to debug and fix this problem.
[2m20:15:53[22m [31m[1m[vite][22m[39m [31m[2m(client)[22m[39m [31m[Unhandled error] [1mTypeError[22m: Cannot read properties of null (reading 'useState')
[39m > exports.useState ../../../../node_modules/.vite/deps/react.js?v=c05e1025:748:30
 > AuthProvider src/auth/AuthProvider.tsx?t=1778094652393:25:28
 > Object.react_stack_bottom_frame node_modules/react-dom/cjs/react-dom-client.development.js:25904:19
 > renderWithHooks node_modules/react-dom/cjs/react-dom-client.development.js:7662:21
 > updateFunctionComponent node_modules/react-dom/cjs/react-dom-client.development.js:10166:18
 > beginWork node_modules/react-dom/cjs/react-dom-client.development.js:11778:17
 > runWithFiberInDEV node_modules/react-dom/cjs/react-dom-client.development.js:871:29
 > performUnitOfWork node_modules/react-dom/cjs/react-dom-client.development.js:17641:21
 > workLoopSync node_modules/react-dom/cjs/react-dom-client.development.js:17469:40
 > renderRootSync node_modules/react-dom/cjs/react-dom-client.development.js:17450:10

[2m20:15:53[22m [33m[1m[vite][22m[39m [33m[2m(client)[22m[39m [2m[console.warn] [22mAn error occurred in the <AuthProvider> component.

Consider adding an error boundary to your tree to customize error handling behavior.
Visit https://react.dev/link/error-boundaries to learn more about error boundaries.

[2m20:15:53[22m [31m[1m[vite][22m[39m [31m[2m(client)[22m[39m [31m[Unhandled error] [1mTypeError[22m: Cannot read properties of null (reading 'useState')
[39m > exports.useState ../../../../node_modules/.vite/deps/react.js?v=c05e1025:748:30
 > ProductsPage src/pages/ProductsPage.tsx?t=1778094952754:25:34
 > Object.react_stack_bottom_frame node_modules/react-dom/cjs/react-dom-client.development.js:25904:19
 > renderWithHooks node_modules/react-dom/cjs/react-dom-client.development.js:7662:21
 > updateFunctionComponent node_modules/react-dom/cjs/react-dom-client.development.js:10166:18
 > beginWork node_modules/react-dom/cjs/react-dom-client.development.js:11778:17
 > runWithFiberInDEV node_modules/react-dom/cjs/react-dom-client.development.js:871:29
 > performUnitOfWork node_modules/react-dom/cjs/react-dom-client.development.js:17641:21
 > workLoopSync node_modules/react-dom/cjs/react-dom-client.development.js:17469:40
 > renderRootSync node_modules/react-dom/cjs/react-dom-client.development.js:17450:10

[2m20:15:53[22m [33m[1m[vite][22m[39m [33m[2m(client)[22m[39m [2m[console.warn] [22mAn error occurred in the <ProductsPage> component.

Consider adding an error boundary to your tree to customize error handling behavior.
Visit https://react.dev/link/error-boundaries to learn more about error boundaries.

[2m20:15:55[22m [31m[1m[vite][22m[39m [31m[2m(client)[22m[39m [2m[console.error] [22mInvalid hook call. Hooks can only be called inside of the body of a function component. This could happen for one of the following reasons:
1. You might have mismatching versions of React and the renderer (such as React DOM)
2. You might be breaking the Rules of Hooks
3. You might have more than one copy of React in the same app
See https://react.dev/link/invalid-hook-call for tips about how to debug and fix this problem.
[2m20:15:55[22m [31m[1m[vite][22m[39m [31m[2m(client)[22m[39m [2m[console.error] [22mInvalid hook call. Hooks can only be called inside of the body of a function component. This could happen for one of the following reasons:
1. You might have mismatching versions of React and the renderer (such as React DOM)
2. You might be breaking the Rules of Hooks
3. You might have more than one copy of React in the same app
See https://react.dev/link/invalid-hook-call for tips about how to debug and fix this problem.
[2m20:15:55[22m [31m[1m[vite][22m[39m [31m[2m(client)[22m[39m [31m[Unhandled error] [1mTypeError[22m: Cannot read properties of null (reading 'useState')
[39m > exports.useState ../../../../node_modules/.vite/deps/react.js?v=c05e1025:748:30
 > AuthProvider src/auth/AuthProvider.tsx?t=1778094652393:25:28
 > Object.react_stack_bottom_frame node_modules/react-dom/cjs/react-dom-client.development.js:25904:19
 > renderWithHooks node_modules/react-dom/cjs/react-dom-client.development.js:7662:21
 > updateFunctionComponent node_modules/react-dom/cjs/react-dom-client.development.js:10166:18
 > beginWork node_modules/react-dom/cjs/react-dom-client.development.js:11778:17
 > runWithFiberInDEV node_modules/react-dom/cjs/react-dom-client.development.js:871:29
 > performUnitOfWork node_modules/react-dom/cjs/react-dom-client.development.js:17641:21
 > workLoopSync node_modules/react-dom/cjs/react-dom-client.development.js:17469:40
 > renderRootSync node_modules/react-dom/cjs/react-dom-client.development.js:17450:10

[2m20:15:55[22m [33m[1m[vite][22m[39m [33m[2m(client)[22m[39m [2m[console.warn] [22mAn error occurred in the <AuthProvider> component.

Consider adding an error boundary to your tree to customize error handling behavior.
Visit https://react.dev/link/error-boundaries to learn more about error boundaries.

[2m20:15:57[22m [31m[1m[vite][22m[39m [31m[2m(client)[22m[39m [2m[console.error] [22mInvalid hook call. Hooks can only be called inside of the body of a function component. This could happen for one of the following reasons:
1. You might have mismatching versions of React and the renderer (such as React DOM)
2. You might be breaking the Rules of Hooks
3. You might have more than one copy of React in the same app
See https://react.dev/link/invalid-hook-call for tips about how to debug and fix this problem.
[2m20:15:57[22m [31m[1m[vite][22m[39m [31m[2m(client)[22m[39m [2m[console.error] [22mInvalid hook call. Hooks can only be called inside of the body of a function component. This could happen for one of the following reasons:
1. You might have mismatching versions of React and the renderer (such as React DOM)
2. You might be breaking the Rules of Hooks
3. You might have more than one copy of React in the same app
See https://react.dev/link/invalid-hook-call for tips about how to debug and fix this problem.
[2m20:15:57[22m [31m[1m[vite][22m[39m [31m[2m(client)[22m[39m [31m[Unhandled error] [1mTypeError[22m: Cannot read properties of null (reading 'useState')
[39m > exports.useState ../../../../node_modules/.vite/deps/react.js?v=c05e1025:748:30
 > ProductsPage src/pages/ProductsPage.tsx?t=1778094954566:25:34
 > Object.react_stack_bottom_frame node_modules/react-dom/cjs/react-dom-client.development.js:25904:19
 > renderWithHooks node_modules/react-dom/cjs/react-dom-client.development.js:7662:21
 > updateFunctionComponent node_modules/react-dom/cjs/react-dom-client.development.js:10166:18
 > beginWork node_modules/react-dom/cjs/react-dom-client.development.js:11778:17
 > runWithFiberInDEV node_modules/react-dom/cjs/react-dom-client.development.js:871:29
 > performUnitOfWork node_modules/react-dom/cjs/react-dom-client.development.js:17641:21
 > workLoopSync node_modules/react-dom/cjs/react-dom-client.development.js:17469:40
 > renderRootSync node_modules/react-dom/cjs/react-dom-client.development.js:17450:10

[2m20:15:57[22m [33m[1m[vite][22m[39m [33m[2m(client)[22m[39m [2m[console.warn] [22mAn error occurred in the <ProductsPage> component.

Consider adding an error boundary to your tree to customize error handling behavior.
Visit https://react.dev/link/error-boundaries to learn more about error boundaries.

[2m20:27:29[22m [31m[1m[vite][22m[39m [31m[2m(client)[22m[39m [2m[console.error] [22mInvalid hook call. Hooks can only be called inside of the body of a function component. This could happen for one of the following reasons:
1. You might have mismatching versions of React and the renderer (such as React DOM)
2. You might be breaking the Rules of Hooks
3. You might have more than one copy of React in the same app
See https://react.dev/link/invalid-hook-call for tips about how to debug and fix this problem.
[2m20:27:29[22m [31m[1m[vite][22m[39m [31m[2m(client)[22m[39m [2m[console.error] [22mInvalid hook call. Hooks can only be called inside of the body of a function component. This could happen for one of the following reasons:
1. You might have mismatching versions of React and the renderer (such as React DOM)
2. You might be breaking the Rules of Hooks
3. You might have more than one copy of React in the same app
See https://react.dev/link/invalid-hook-call for tips about how to debug and fix this problem.
[2m20:27:29[22m [31m[1m[vite][22m[39m [31m[2m(client)[22m[39m [2m[console.error] [22mInvalid hook call. Hooks can only be called inside of the body of a function component. This could happen for one of the following reasons:
1. You might have mismatching versions of React and the renderer (such as React DOM)
2. You might be breaking the Rules of Hooks
3. You might have more than one copy of React in the same app
See https://react.dev/link/invalid-hook-call for tips about how to debug and fix this problem.
[2m20:27:29[22m [31m[1m[vite][22m[39m [31m[2m(client)[22m[39m [2m[console.error] [22mInvalid hook call. Hooks can only be called inside of the body of a function component. This could happen for one of the following reasons:
1. You might have mismatching versions of React and the renderer (such as React DOM)
2. You might be breaking the Rules of Hooks
3. You might have more than one copy of React in the same app
See https://react.dev/link/invalid-hook-call for tips about how to debug and fix this problem.
[2m20:27:29[22m [31m[1m[vite][22m[39m [31m[2m(client)[22m[39m [31m[Unhandled error] [1mTypeError[22m: Cannot read properties of null (reading 'useState')
[39m > exports.useState ../../../../node_modules/.vite/deps/react.js?v=c05e1025:748:30
 > AuthProvider src/auth/AuthProvider.tsx?t=1778095648914:25:28
 > Object.react_stack_bottom_frame node_modules/react-dom/cjs/react-dom-client.development.js:25904:19
 > renderWithHooks node_modules/react-dom/cjs/react-dom-client.development.js:7662:21
 > updateFunctionComponent node_modules/react-dom/cjs/react-dom-client.development.js:10166:18
 > beginWork node_modules/react-dom/cjs/react-dom-client.development.js:11778:17
 > runWithFiberInDEV node_modules/react-dom/cjs/react-dom-client.development.js:871:29
 > performUnitOfWork node_modules/react-dom/cjs/react-dom-client.development.js:17641:21
 > workLoopSync node_modules/react-dom/cjs/react-dom-client.development.js:17469:40
 > renderRootSync node_modules/react-dom/cjs/react-dom-client.development.js:17450:10

[2m20:27:29[22m [33m[1m[vite][22m[39m [33m[2m(client)[22m[39m [2m[console.warn] [22mAn error occurred in the <AuthProvider> component.

Consider adding an error boundary to your tree to customize error handling behavior.
Visit https://react.dev/link/error-boundaries to learn more about error boundaries.

[2m20:27:29[22m [31m[1m[vite][22m[39m [31m[2m(client)[22m[39m [2m[console.error] [22mInvalid hook call. Hooks can only be called inside of the body of a function component. This could happen for one of the following reasons:
1. You might have mismatching versions of React and the renderer (such as React DOM)
2. You might be breaking the Rules of Hooks
3. You might have more than one copy of React in the same app
See https://react.dev/link/invalid-hook-call for tips about how to debug and fix this problem.
[2m20:27:29[22m [31m[1m[vite][22m[39m [31m[2m(client)[22m[39m [31m[Unhandled error] [1mTypeError[22m: Cannot read properties of null (reading 'useState')
[39m > exports.useState ../../../../node_modules/.vite/deps/react.js?v=c05e1025:748:30
 > AuthProvider src/auth/AuthProvider.tsx?t=1778095648914:25:28
 > Object.react_stack_bottom_frame node_modules/react-dom/cjs/react-dom-client.development.js:25904:19
 > renderWithHooks node_modules/react-dom/cjs/react-dom-client.development.js:7662:21
 > updateFunctionComponent node_modules/react-dom/cjs/react-dom-client.development.js:10166:18
 > beginWork node_modules/react-dom/cjs/react-dom-client.development.js:11778:17
 > runWithFiberInDEV node_modules/react-dom/cjs/react-dom-client.development.js:871:29
 > performUnitOfWork node_modules/react-dom/cjs/react-dom-client.development.js:17641:21
 > workLoopSync node_modules/react-dom/cjs/react-dom-client.development.js:17469:40
 > renderRootSync node_modules/react-dom/cjs/react-dom-client.development.js:17450:10

[2m20:27:29[22m [33m[1m[vite][22m[39m [33m[2m(client)[22m[39m [2m[console.warn] [22mAn error occurred in the <AuthProvider> component.

Consider adding an error boundary to your tree to customize error handling behavior.
Visit https://react.dev/link/error-boundaries to learn more about error boundaries.

[2m20:27:29[22m [31m[1m[vite][22m[39m [31m[2m(client)[22m[39m [2m[console.error] [22mInvalid hook call. Hooks can only be called inside of the body of a function component. This could happen for one of the following reasons:
1. You might have mismatching versions of React and the renderer (such as React DOM)
2. You might be breaking the Rules of Hooks
3. You might have more than one copy of React in the same app
See https://react.dev/link/invalid-hook-call for tips about how to debug and fix this problem.
[2m20:27:29[22m [31m[1m[vite][22m[39m [31m[2m(client)[22m[39m [31m[Unhandled error] [1mTypeError[22m: Cannot read properties of null (reading 'useState')
[39m > exports.useState ../../../../node_modules/.vite/deps/react.js?v=c05e1025:748:30
 > AuthProvider src/auth/AuthProvider.tsx?t=1778095648914:25:28
 > Object.react_stack_bottom_frame node_modules/react-dom/cjs/react-dom-client.development.js:25904:19
 > renderWithHooks node_modules/react-dom/cjs/react-dom-client.development.js:7662:21
 > updateFunctionComponent node_modules/react-dom/cjs/react-dom-client.development.js:10166:18
 > beginWork node_modules/react-dom/cjs/react-dom-client.development.js:11778:17
 > runWithFiberInDEV node_modules/react-dom/cjs/react-dom-client.development.js:871:29
 > performUnitOfWork node_modules/react-dom/cjs/react-dom-client.development.js:17641:21
 > workLoopSync node_modules/react-dom/cjs/react-dom-client.development.js:17469:40
 > renderRootSync node_modules/react-dom/cjs/react-dom-client.development.js:17450:10

[2m20:27:29[22m [33m[1m[vite][22m[39m [33m[2m(client)[22m[39m [2m[console.warn] [22mAn error occurred in the <AuthProvider> component.

Consider adding an error boundary to your tree to customize error handling behavior.
Visit https://react.dev/link/error-boundaries to learn more about error boundaries.

[2m20:47:11[22m [31m[1m[vite][22m[39m [31m[2m(client)[22m[39m Pre-transform error: Failed to resolve import "./pages/RapportPage" from "src/App.tsx". Does the file exist?
  Plugin: [35mvite:import-analysis[39m
  File: [36mC:/laragon/www/be7ti/frontend/src/App.tsx[39m:11:24
[33m  9  |  import LoginPage from "./pages/LoginPage";
  10 |  import ProductsPage from "./pages/ProductsPage";
  11 |  import RapportPage from "./pages/RapportPage";
     |                           ^
  12 |  import SalesPage from "./pages/SalesPage";
  13 |  import StockPage from "./pages/StockPage";[39m
[2m20:47:11[22m [31m[1m[vite][22m[39m [31mInternal server error: Failed to resolve import "./pages/RapportPage" from "src/App.tsx". Does the file exist?[39m
  Plugin: [35mvite:import-analysis[39m
  File: [36mC:/laragon/www/be7ti/frontend/src/App.tsx[39m:11:24
[33m  9  |  import LoginPage from "./pages/LoginPage";
  10 |  import ProductsPage from "./pages/ProductsPage";
  11 |  import RapportPage from "./pages/RapportPage";
     |                           ^
  12 |  import SalesPage from "./pages/SalesPage";
  13 |  import StockPage from "./pages/StockPage";[39m
      at TransformPluginContext._formatLog (file:///C:/laragon/www/be7ti/frontend/node_modules/vite/dist/node/chunks/node.js:30375:39)
      at TransformPluginContext.error (file:///C:/laragon/www/be7ti/frontend/node_modules/vite/dist/node/chunks/node.js:30372:14)
      at normalizeUrl (file:///C:/laragon/www/be7ti/frontend/node_modules/vite/dist/node/chunks/node.js:27654:18)
      at async file:///C:/laragon/www/be7ti/frontend/node_modules/vite/dist/node/chunks/node.js:27717:30
      at async Promise.all (index 10)
      at async TransformPluginContext.transform (file:///C:/laragon/www/be7ti/frontend/node_modules/vite/dist/node/chunks/node.js:27685:4)
      at async EnvironmentPluginContainer.transform (file:///C:/laragon/www/be7ti/frontend/node_modules/vite/dist/node/chunks/node.js:30164:14)
      at async loadAndTransform (file:///C:/laragon/www/be7ti/frontend/node_modules/vite/dist/node/chunks/node.js:24512:26)
[2m20:47:11[22m [31m[1m[vite][22m[39m [31m[2m(client)[22m[39m [2m[console.error] [22m[vite] Failed to reload /src/App.tsx. This could be due to syntax errors or importing non-existent modules. (see errors above)
[2m20:47:11[22m [31m[1m[vite][22m[39m [31m[2m(client)[22m[39m Pre-transform error: Failed to resolve import "./pages/RapportPage" from "src/App.tsx". Does the file exist?
  Plugin: [35mvite:import-analysis[39m
  File: [36mC:/laragon/www/be7ti/frontend/src/App.tsx[39m:11:24
[33m  9  |  import LoginPage from "./pages/LoginPage";
  10 |  import ProductsPage from "./pages/ProductsPage";
  11 |  import RapportPage from "./pages/RapportPage";
     |                           ^
  12 |  import SalesPage from "./pages/SalesPage";
  13 |  import StockPage from "./pages/StockPage";[39m
[2m20:47:11[22m [31m[1m[vite][22m[39m [31mInternal server error: Failed to resolve import "./pages/RapportPage" from "src/App.tsx". Does the file exist?[39m
  Plugin: [35mvite:import-analysis[39m
  File: [36mC:/laragon/www/be7ti/frontend/src/App.tsx[39m:11:24
[33m  9  |  import LoginPage from "./pages/LoginPage";
  10 |  import ProductsPage from "./pages/ProductsPage";
  11 |  import RapportPage from "./pages/RapportPage";
     |                           ^
  12 |  import SalesPage from "./pages/SalesPage";
  13 |  import StockPage from "./pages/StockPage";[39m
      at TransformPluginContext._formatLog (file:///C:/laragon/www/be7ti/frontend/node_modules/vite/dist/node/chunks/node.js:30375:39)
      at TransformPluginContext.error (file:///C:/laragon/www/be7ti/frontend/node_modules/vite/dist/node/chunks/node.js:30372:14)
      at normalizeUrl (file:///C:/laragon/www/be7ti/frontend/node_modules/vite/dist/node/chunks/node.js:27654:18)
      at async file:///C:/laragon/www/be7ti/frontend/node_modules/vite/dist/node/chunks/node.js:27717:30
      at async Promise.all (index 10)
      at async TransformPluginContext.transform (file:///C:/laragon/www/be7ti/frontend/node_modules/vite/dist/node/chunks/node.js:27685:4)
      at async EnvironmentPluginContainer.transform (file:///C:/laragon/www/be7ti/frontend/node_modules/vite/dist/node/chunks/node.js:30164:14)
      at async loadAndTransform (file:///C:/laragon/www/be7ti/frontend/node_modules/vite/dist/node/chunks/node.js:24512:26)
[2m20:47:11[22m [31m[1m[vite][22m[39m [31m[2m(client)[22m[39m [2m[console.error] [22m[vite] Failed to reload /src/App.tsx. This could be due to syntax errors or importing non-existent modules. (see errors above)
[2m20:47:11[22m [31m[1m[vite][22m[39m [31m[2m(client)[22m[39m Pre-transform error: Failed to resolve import "./pages/RapportPage" from "src/App.tsx". Does the file exist?
  Plugin: [35mvite:import-analysis[39m
  File: [36mC:/laragon/www/be7ti/frontend/src/App.tsx[39m:11:24
[33m  9  |  import LoginPage from "./pages/LoginPage";
  10 |  import ProductsPage from "./pages/ProductsPage";
  11 |  import RapportPage from "./pages/RapportPage";
     |                           ^
  12 |  import SalesPage from "./pages/SalesPage";
  13 |  import StockPage from "./pages/StockPage";[39m
[2m20:47:11[22m [31m[1m[vite][22m[39m [31mInternal server error: Failed to resolve import "./pages/RapportPage" from "src/App.tsx". Does the file exist?[39m
  Plugin: [35mvite:import-analysis[39m
  File: [36mC:/laragon/www/be7ti/frontend/src/App.tsx[39m:11:24
[33m  9  |  import LoginPage from "./pages/LoginPage";
  10 |  import ProductsPage from "./pages/ProductsPage";
  11 |  import RapportPage from "./pages/RapportPage";
     |                           ^
  12 |  import SalesPage from "./pages/SalesPage";
  13 |  import StockPage from "./pages/StockPage";[39m
      at TransformPluginContext._formatLog (file:///C:/laragon/www/be7ti/frontend/node_modules/vite/dist/node/chunks/node.js:30375:39)
      at TransformPluginContext.error (file:///C:/laragon/www/be7ti/frontend/node_modules/vite/dist/node/chunks/node.js:30372:14)
      at normalizeUrl (file:///C:/laragon/www/be7ti/frontend/node_modules/vite/dist/node/chunks/node.js:27654:18)
      at async file:///C:/laragon/www/be7ti/frontend/node_modules/vite/dist/node/chunks/node.js:27717:30
      at async Promise.all (index 10)
      at async TransformPluginContext.transform (file:///C:/laragon/www/be7ti/frontend/node_modules/vite/dist/node/chunks/node.js:27685:4)
      at async EnvironmentPluginContainer.transform (file:///C:/laragon/www/be7ti/frontend/node_modules/vite/dist/node/chunks/node.js:30164:14)
      at async loadAndTransform (file:///C:/laragon/www/be7ti/frontend/node_modules/vite/dist/node/chunks/node.js:24512:26)
[2m20:47:11[22m [31m[1m[vite][22m[39m [31m[2m(client)[22m[39m [2m[console.error] [22m[vite] Failed to reload /src/App.tsx. This could be due to syntax errors or importing non-existent modules. (see errors above)
